<?xml version="1.0" encoding="UTF-8"?>
<testsuite name="moviebuddy.data.XmlMovieReaderTest" tests="2" skipped="0" failures="0" errors="0" timestamp="2022-07-04T13:52:00" hostname="DESKTOP-BT326MF" time="0.205">
  <properties/>
  <testcase name="NotEmpty_LoadedMovies()" classname="moviebuddy.data.XmlMovieReaderTest" time="0.199"/>
  <testcase name="Check_MovieReaderType()" classname="moviebuddy.data.XmlMovieReaderTest" time="0.004"/>
  <system-out><![CDATA[22:52:00.142 [Test worker] DEBUG org.springframework.test.context.BootstrapUtils - Instantiating CacheAwareContextLoaderDelegate from class [org.springframework.test.context.cache.DefaultCacheAwareContextLoaderDelegate]
22:52:00.152 [Test worker] DEBUG org.springframework.test.context.BootstrapUtils - Instantiating BootstrapContext using constructor [public org.springframework.test.context.support.DefaultBootstrapContext(java.lang.Class,org.springframework.test.context.CacheAwareContextLoaderDelegate)]
22:52:00.175 [Test worker] DEBUG org.springframework.test.context.BootstrapUtils - Instantiating TestContextBootstrapper for test class [moviebuddy.data.XmlMovieReaderTest] from class [org.springframework.test.context.support.DefaultTestContextBootstrapper]
22:52:00.192 [Test worker] DEBUG org.springframework.test.context.support.AbstractDelegatingSmartContextLoader - Delegating to AnnotationConfigContextLoader to process context configuration [ContextConfigurationAttributes@60c2dc47 declaringClass = 'moviebuddy.data.XmlMovieReaderTest', classes = '{class moviebuddy.MovieBuddyFactory}', locations = '{}', inheritLocations = true, initializers = '{}', inheritInitializers = true, name = [null], contextLoaderClass = 'org.springframework.test.context.ContextLoader'].
22:52:00.213 [Test worker] DEBUG org.springframework.test.context.support.DefaultTestContextBootstrapper - @TestExecutionListeners is not present for class [moviebuddy.data.XmlMovieReaderTest]: using defaults.
22:52:00.213 [Test worker] INFO org.springframework.test.context.support.DefaultTestContextBootstrapper - Loaded default TestExecutionListener class names from location [META-INF/spring.factories]: [org.springframework.test.context.web.ServletTestExecutionListener, org.springframework.test.context.support.DirtiesContextBeforeModesTestExecutionListener, org.springframework.test.context.event.ApplicationEventsTestExecutionListener, org.springframework.test.context.support.DependencyInjectionTestExecutionListener, org.springframework.test.context.support.DirtiesContextTestExecutionListener, org.springframework.test.context.transaction.TransactionalTestExecutionListener, org.springframework.test.context.jdbc.SqlScriptsTestExecutionListener, org.springframework.test.context.event.EventPublishingTestExecutionListener]
22:52:00.217 [Test worker] DEBUG org.springframework.test.context.support.DefaultTestContextBootstrapper - Skipping candidate TestExecutionListener [org.springframework.test.context.web.ServletTestExecutionListener] due to a missing dependency. Specify custom listener classes or make the default listener classes and their required dependencies available. Offending class: [javax/servlet/ServletContext]
22:52:00.218 [Test worker] DEBUG org.springframework.test.context.support.DefaultTestContextBootstrapper - Skipping candidate TestExecutionListener [org.springframework.test.context.transaction.TransactionalTestExecutionListener] due to a missing dependency. Specify custom listener classes or make the default listener classes and their required dependencies available. Offending class: [org/springframework/transaction/interceptor/TransactionAttributeSource]
22:52:00.219 [Test worker] DEBUG org.springframework.test.context.support.DefaultTestContextBootstrapper - Skipping candidate TestExecutionListener [org.springframework.test.context.jdbc.SqlScriptsTestExecutionListener] due to a missing dependency. Specify custom listener classes or make the default listener classes and their required dependencies available. Offending class: [org/springframework/transaction/interceptor/TransactionAttribute]
22:52:00.219 [Test worker] INFO org.springframework.test.context.support.DefaultTestContextBootstrapper - Using TestExecutionListeners: [org.springframework.test.context.support.DirtiesContextBeforeModesTestExecutionListener@6f7bf7b9, org.springframework.test.context.event.ApplicationEventsTestExecutionListener@387d6e3d, org.springframework.test.context.support.DependencyInjectionTestExecutionListener@103c964f, org.springframework.test.context.support.DirtiesContextTestExecutionListener@4ef0be40, org.springframework.test.context.event.EventPublishingTestExecutionListener@7e864e18]
22:52:00.220 [Test worker] DEBUG org.springframework.test.context.support.AbstractDirtiesContextTestExecutionListener - Before test class: context [DefaultTestContext@79a5183b testClass = XmlMovieReaderTest, testInstance = [null], testMethod = [null], testException = [null], mergedContextConfiguration = [MergedContextConfiguration@3bc021ad testClass = XmlMovieReaderTest, locations = '{}', classes = '{class moviebuddy.MovieBuddyFactory}', contextInitializerClasses = '[]', activeProfiles = '{xml_mode}', propertySourceLocations = '{}', propertySourceProperties = '{movie.metadata=movie_metadata.xml}', contextCustomizers = set[[empty]], contextLoader = 'org.springframework.test.context.support.DelegatingSmartContextLoader', parent = [null]], attributes = map[[empty]]], class annotated with @DirtiesContext [false] with mode [null].
22:52:00.228 [Test worker] DEBUG org.springframework.test.context.support.DependencyInjectionTestExecutionListener - Performing dependency injection for test context [[DefaultTestContext@79a5183b testClass = XmlMovieReaderTest, testInstance = moviebuddy.data.XmlMovieReaderTest@5e531683, testMethod = [null], testException = [null], mergedContextConfiguration = [MergedContextConfiguration@3bc021ad testClass = XmlMovieReaderTest, locations = '{}', classes = '{class moviebuddy.MovieBuddyFactory}', contextInitializerClasses = '[]', activeProfiles = '{xml_mode}', propertySourceLocations = '{}', propertySourceProperties = '{movie.metadata=movie_metadata.xml}', contextCustomizers = set[[empty]], contextLoader = 'org.springframework.test.context.support.DelegatingSmartContextLoader', parent = [null]], attributes = map['org.springframework.test.context.event.ApplicationEventsTestExecutionListener.recordApplicationEvents' -> false]]].
22:52:00.228 [Test worker] DEBUG org.springframework.test.context.support.AbstractDelegatingSmartContextLoader - Delegating to AnnotationConfigContextLoader to load context from [MergedContextConfiguration@3bc021ad testClass = XmlMovieReaderTest, locations = '{}', classes = '{class moviebuddy.MovieBuddyFactory}', contextInitializerClasses = '[]', activeProfiles = '{xml_mode}', propertySourceLocations = '{}', propertySourceProperties = '{movie.metadata=movie_metadata.xml}', contextCustomizers = set[[empty]], contextLoader = 'org.springframework.test.context.support.DelegatingSmartContextLoader', parent = [null]].
22:52:00.229 [Test worker] DEBUG org.springframework.test.context.support.AbstractGenericContextLoader - Loading ApplicationContext for merged context configuration [[MergedContextConfiguration@3bc021ad testClass = XmlMovieReaderTest, locations = '{}', classes = '{class moviebuddy.MovieBuddyFactory}', contextInitializerClasses = '[]', activeProfiles = '{xml_mode}', propertySourceLocations = '{}', propertySourceProperties = '{movie.metadata=movie_metadata.xml}', contextCustomizers = set[[empty]], contextLoader = 'org.springframework.test.context.support.DelegatingSmartContextLoader', parent = [null]]].
22:52:00.263 [Test worker] DEBUG org.springframework.core.env.StandardEnvironment - Activating profiles [xml_mode]
22:52:00.263 [Test worker] DEBUG org.springframework.test.context.support.TestPropertySourceUtils - Adding inlined properties to environment: {movie.metadata=movie_metadata.xml}
22:52:00.264 [Test worker] DEBUG org.springframework.test.context.support.AnnotationConfigContextLoader - Registering component classes: {class moviebuddy.MovieBuddyFactory}
22:52:00.295 [Test worker] DEBUG org.springframework.context.support.GenericApplicationContext - Refreshing org.springframework.context.support.GenericApplicationContext@5a17bfa7
22:52:00.306 [Test worker] DEBUG org.springframework.beans.factory.support.DefaultListableBeanFactory - Creating shared instance of singleton bean 'org.springframework.context.annotation.internalConfigurationAnnotationProcessor'
22:52:00.361 [Test worker] DEBUG org.springframework.context.annotation.ClassPathBeanDefinitionScanner - Identified candidate component class: file [D:\chanseok_project\moviebuddy\build\classes\java\main\moviebuddy\MovieBuddyFactory$DataSourceModuleConfig.class]
22:52:00.362 [Test worker] DEBUG org.springframework.context.annotation.ClassPathBeanDefinitionScanner - Identified candidate component class: file [D:\chanseok_project\moviebuddy\build\classes\java\main\moviebuddy\MovieBuddyFactory$DomainModuleConfig.class]
22:52:00.376 [Test worker] DEBUG org.springframework.context.annotation.ClassPathBeanDefinitionScanner - Identified candidate component class: file [D:\chanseok_project\moviebuddy\build\classes\java\main\moviebuddy\data\XmlMovieReader.class]
22:52:00.377 [Test worker] DEBUG org.springframework.context.annotation.ClassPathBeanDefinitionScanner - Identified candidate component class: file [D:\chanseok_project\moviebuddy\build\classes\java\main\moviebuddy\domain\MovieFinder.class]
22:52:00.474 [Test worker] DEBUG org.springframework.beans.factory.support.DefaultListableBeanFactory - Creating shared instance of singleton bean 'org.springframework.context.event.internalEventListenerProcessor'
22:52:00.475 [Test worker] DEBUG org.springframework.beans.factory.support.DefaultListableBeanFactory - Creating shared instance of singleton bean 'org.springframework.context.event.internalEventListenerFactory'
22:52:00.476 [Test worker] DEBUG org.springframework.beans.factory.support.DefaultListableBeanFactory - Creating shared instance of singleton bean 'org.springframework.context.annotation.internalAutowiredAnnotationProcessor'
22:52:00.477 [Test worker] DEBUG org.springframework.beans.factory.support.DefaultListableBeanFactory - Creating shared instance of singleton bean 'org.springframework.context.annotation.internalCommonAnnotationProcessor'
22:52:00.480 [Test worker] DEBUG org.springframework.beans.factory.support.DefaultListableBeanFactory - Creating shared instance of singleton bean 'org.springframework.aop.config.internalAutoProxyCreator'
22:52:00.537 [Test worker] DEBUG org.springframework.beans.factory.support.DefaultListableBeanFactory - Creating shared instance of singleton bean 'movieBuddyFactory'
22:52:00.552 [Test worker] DEBUG org.springframework.aop.aspectj.annotation.ReflectiveAspectJAdvisorFactory - Found AspectJ method: public java.lang.Object moviebuddy.cache.CachingAspect.doCachingReturnValue(org.aspectj.lang.ProceedingJoinPoint) throws java.lang.Throwable
22:52:00.623 [Test worker] DEBUG org.springframework.beans.factory.support.DefaultListableBeanFactory - Creating shared instance of singleton bean 'movieBuddyFactory.DataSourceModuleConfig'
22:52:00.623 [Test worker] DEBUG org.springframework.beans.factory.support.DefaultListableBeanFactory - Creating shared instance of singleton bean 'movieBuddyFactory.DomainModuleConfig'
22:52:00.624 [Test worker] DEBUG org.springframework.beans.factory.support.DefaultListableBeanFactory - Creating shared instance of singleton bean 'xmlMovieReader'
22:52:00.633 [Test worker] DEBUG org.springframework.beans.factory.support.DefaultListableBeanFactory - Creating shared instance of singleton bean 'jaxb2Marshaller'
22:52:00.646 [Test worker] DEBUG org.springframework.oxm.jaxb.Jaxb2Marshaller - Creating JAXBContext by scanning packages [moviebuddy]
22:52:00.660 [Test worker] DEBUG org.springframework.oxm.jaxb.Jaxb2Marshaller - Found JAXB2 classes: [class moviebuddy.data.XmlMovieReader$MovieMetadata]
22:52:00.759 [Test worker] DEBUG org.springframework.beans.factory.support.DefaultListableBeanFactory - Autowiring by type from bean name 'xmlMovieReader' via constructor to bean named 'jaxb2Marshaller'
22:52:00.765 [Test worker] DEBUG org.springframework.core.env.PropertySourcesPropertyResolver - Found key 'movie.metadata' in PropertySource 'Inlined Test Properties' with value of type String
22:52:00.766 [Test worker] INFO moviebuddy.data.XmlMovieReader - class path resource [movie_metadata.xml] is ready
22:52:00.776 [Test worker] DEBUG org.springframework.beans.factory.support.DefaultListableBeanFactory - Creating shared instance of singleton bean 'movieFinder'
22:52:00.777 [Test worker] DEBUG org.springframework.beans.factory.support.DefaultListableBeanFactory - Autowiring by type from bean name 'movieFinder' via constructor to bean named 'xmlMovieReader'
22:52:00.778 [Test worker] DEBUG org.springframework.beans.factory.support.DefaultListableBeanFactory - Creating shared instance of singleton bean 'caffeineCacheManager'
22:52:00.785 [Test worker] DEBUG org.springframework.beans.factory.support.DefaultListableBeanFactory - Creating shared instance of singleton bean 'cachingAspect'
22:52:00.786 [Test worker] DEBUG org.springframework.beans.factory.support.DefaultListableBeanFactory - Autowiring by type from bean name 'cachingAspect' via factory method to bean named 'caffeineCacheManager'
22:52:00.793 [Test worker] DEBUG org.springframework.test.context.cache.DefaultCacheAwareContextLoaderDelegate - Storing ApplicationContext [1511505831] in cache under key [[MergedContextConfiguration@3bc021ad testClass = XmlMovieReaderTest, locations = '{}', classes = '{class moviebuddy.MovieBuddyFactory}', contextInitializerClasses = '[]', activeProfiles = '{xml_mode}', propertySourceLocations = '{}', propertySourceProperties = '{movie.metadata=movie_metadata.xml}', contextCustomizers = set[[empty]], contextLoader = 'org.springframework.test.context.support.DelegatingSmartContextLoader', parent = [null]]]
22:52:00.793 [Test worker] DEBUG org.springframework.test.context.cache - Spring test ApplicationContext cache statistics: [DefaultContextCache@767722ca size = 1, maxSize = 32, parentContextCount = 0, hitCount = 0, missCount = 1]
22:52:00.796 [Test worker] DEBUG org.springframework.test.context.cache.DefaultCacheAwareContextLoaderDelegate - Retrieved ApplicationContext [1511505831] from cache with key [[MergedContextConfiguration@3bc021ad testClass = XmlMovieReaderTest, locations = '{}', classes = '{class moviebuddy.MovieBuddyFactory}', contextInitializerClasses = '[]', activeProfiles = '{xml_mode}', propertySourceLocations = '{}', propertySourceProperties = '{movie.metadata=movie_metadata.xml}', contextCustomizers = set[[empty]], contextLoader = 'org.springframework.test.context.support.DelegatingSmartContextLoader', parent = [null]]]
22:52:00.797 [Test worker] DEBUG org.springframework.test.context.cache - Spring test ApplicationContext cache statistics: [DefaultContextCache@767722ca size = 1, maxSize = 32, parentContextCount = 0, hitCount = 1, missCount = 1]
22:52:00.799 [Test worker] DEBUG org.springframework.test.context.support.AbstractDirtiesContextTestExecutionListener - Before test method: context [DefaultTestContext@79a5183b testClass = XmlMovieReaderTest, testInstance = moviebuddy.data.XmlMovieReaderTest@5e531683, testMethod = NotEmpty_LoadedMovies@XmlMovieReaderTest, testException = [null], mergedContextConfiguration = [MergedContextConfiguration@3bc021ad testClass = XmlMovieReaderTest, locations = '{}', classes = '{class moviebuddy.MovieBuddyFactory}', contextInitializerClasses = '[]', activeProfiles = '{xml_mode}', propertySourceLocations = '{}', propertySourceProperties = '{movie.metadata=movie_metadata.xml}', contextCustomizers = set[[empty]], contextLoader = 'org.springframework.test.context.support.DelegatingSmartContextLoader', parent = [null]], attributes = map['org.springframework.test.context.event.ApplicationEventsTestExecutionListener.recordApplicationEvents' -> false]], class annotated with @DirtiesContext [false] with mode [null], method annotated with @DirtiesContext [false] with mode [null].
22:52:00.800 [Test worker] DEBUG org.springframework.test.context.cache.DefaultCacheAwareContextLoaderDelegate - Retrieved ApplicationContext [1511505831] from cache with key [[MergedContextConfiguration@3bc021ad testClass = XmlMovieReaderTest, locations = '{}', classes = '{class moviebuddy.MovieBuddyFactory}', contextInitializerClasses = '[]', activeProfiles = '{xml_mode}', propertySourceLocations = '{}', propertySourceProperties = '{movie.metadata=movie_metadata.xml}', contextCustomizers = set[[empty]], contextLoader = 'org.springframework.test.context.support.DelegatingSmartContextLoader', parent = [null]]]
22:52:00.800 [Test worker] DEBUG org.springframework.test.context.cache - Spring test ApplicationContext cache statistics: [DefaultContextCache@767722ca size = 1, maxSize = 32, parentContextCount = 0, hitCount = 2, missCount = 1]
22:52:00.801 [Test worker] DEBUG org.springframework.test.context.cache.DefaultCacheAwareContextLoaderDelegate - Retrieved ApplicationContext [1511505831] from cache with key [[MergedContextConfiguration@3bc021ad testClass = XmlMovieReaderTest, locations = '{}', classes = '{class moviebuddy.MovieBuddyFactory}', contextInitializerClasses = '[]', activeProfiles = '{xml_mode}', propertySourceLocations = '{}', propertySourceProperties = '{movie.metadata=movie_metadata.xml}', contextCustomizers = set[[empty]], contextLoader = 'org.springframework.test.context.support.DelegatingSmartContextLoader', parent = [null]]]
22:52:00.801 [Test worker] DEBUG org.springframework.test.context.cache - Spring test ApplicationContext cache statistics: [DefaultContextCache@767722ca size = 1, maxSize = 32, parentContextCount = 0, hitCount = 3, missCount = 1]
22:52:00.983 [Test worker] INFO moviebuddy.cache.CachingAspect - caching return value. [execution(List moviebuddy.domain.MovieReader.loadMovies())]
22:52:00.987 [Test worker] DEBUG org.springframework.test.context.cache.DefaultCacheAwareContextLoaderDelegate - Retrieved ApplicationContext [1511505831] from cache with key [[MergedContextConfiguration@3bc021ad testClass = XmlMovieReaderTest, locations = '{}', classes = '{class moviebuddy.MovieBuddyFactory}', contextInitializerClasses = '[]', activeProfiles = '{xml_mode}', propertySourceLocations = '{}', propertySourceProperties = '{movie.metadata=movie_metadata.xml}', contextCustomizers = set[[empty]], contextLoader = 'org.springframework.test.context.support.DelegatingSmartContextLoader', parent = [null]]]
22:52:00.987 [Test worker] DEBUG org.springframework.test.context.cache - Spring test ApplicationContext cache statistics: [DefaultContextCache@767722ca size = 1, maxSize = 32, parentContextCount = 0, hitCount = 4, missCount = 1]
22:52:00.988 [Test worker] DEBUG org.springframework.test.context.cache.DefaultCacheAwareContextLoaderDelegate - Retrieved ApplicationContext [1511505831] from cache with key [[MergedContextConfiguration@3bc021ad testClass = XmlMovieReaderTest, locations = '{}', classes = '{class moviebuddy.MovieBuddyFactory}', contextInitializerClasses = '[]', activeProfiles = '{xml_mode}', propertySourceLocations = '{}', propertySourceProperties = '{movie.metadata=movie_metadata.xml}', contextCustomizers = set[[empty]], contextLoader = 'org.springframework.test.context.support.DelegatingSmartContextLoader', parent = [null]]]
22:52:00.988 [Test worker] DEBUG org.springframework.test.context.cache - Spring test ApplicationContext cache statistics: [DefaultContextCache@767722ca size = 1, maxSize = 32, parentContextCount = 0, hitCount = 5, missCount = 1]
22:52:00.988 [Test worker] DEBUG org.springframework.test.context.support.AbstractDirtiesContextTestExecutionListener - After test method: context [DefaultTestContext@79a5183b testClass = XmlMovieReaderTest, testInstance = moviebuddy.data.XmlMovieReaderTest@5e531683, testMethod = NotEmpty_LoadedMovies@XmlMovieReaderTest, testException = [null], mergedContextConfiguration = [MergedContextConfiguration@3bc021ad testClass = XmlMovieReaderTest, locations = '{}', classes = '{class moviebuddy.MovieBuddyFactory}', contextInitializerClasses = '[]', activeProfiles = '{xml_mode}', propertySourceLocations = '{}', propertySourceProperties = '{movie.metadata=movie_metadata.xml}', contextCustomizers = set[[empty]], contextLoader = 'org.springframework.test.context.support.DelegatingSmartContextLoader', parent = [null]], attributes = map['org.springframework.test.context.event.ApplicationEventsTestExecutionListener.recordApplicationEvents' -> false]], class annotated with @DirtiesContext [false] with mode [null], method annotated with @DirtiesContext [false] with mode [null].
22:52:00.997 [Test worker] DEBUG org.springframework.test.context.support.DependencyInjectionTestExecutionListener - Performing dependency injection for test context [[DefaultTestContext@79a5183b testClass = XmlMovieReaderTest, testInstance = moviebuddy.data.XmlMovieReaderTest@40cb99b3, testMethod = [null], testException = [null], mergedContextConfiguration = [MergedContextConfiguration@3bc021ad testClass = XmlMovieReaderTest, locations = '{}', classes = '{class moviebuddy.MovieBuddyFactory}', contextInitializerClasses = '[]', activeProfiles = '{xml_mode}', propertySourceLocations = '{}', propertySourceProperties = '{movie.metadata=movie_metadata.xml}', contextCustomizers = set[[empty]], contextLoader = 'org.springframework.test.context.support.DelegatingSmartContextLoader', parent = [null]], attributes = map['org.springframework.test.context.event.ApplicationEventsTestExecutionListener.recordApplicationEvents' -> false]]].
22:52:00.998 [Test worker] DEBUG org.springframework.test.context.cache.DefaultCacheAwareContextLoaderDelegate - Retrieved ApplicationContext [1511505831] from cache with key [[MergedContextConfiguration@3bc021ad testClass = XmlMovieReaderTest, locations = '{}', classes = '{class moviebuddy.MovieBuddyFactory}', contextInitializerClasses = '[]', activeProfiles = '{xml_mode}', propertySourceLocations = '{}', propertySourceProperties = '{movie.metadata=movie_metadata.xml}', contextCustomizers = set[[empty]], contextLoader = 'org.springframework.test.context.support.DelegatingSmartContextLoader', parent = [null]]]
22:52:00.998 [Test worker] DEBUG org.springframework.test.context.cache - Spring test ApplicationContext cache statistics: [DefaultContextCache@767722ca size = 1, maxSize = 32, parentContextCount = 0, hitCount = 6, missCount = 1]
22:52:00.998 [Test worker] DEBUG org.springframework.test.context.cache.DefaultCacheAwareContextLoaderDelegate - Retrieved ApplicationContext [1511505831] from cache with key [[MergedContextConfiguration@3bc021ad testClass = XmlMovieReaderTest, locations = '{}', classes = '{class moviebuddy.MovieBuddyFactory}', contextInitializerClasses = '[]', activeProfiles = '{xml_mode}', propertySourceLocations = '{}', propertySourceProperties = '{movie.metadata=movie_metadata.xml}', contextCustomizers = set[[empty]], contextLoader = 'org.springframework.test.context.support.DelegatingSmartContextLoader', parent = [null]]]
22:52:00.998 [Test worker] DEBUG org.springframework.test.context.cache - Spring test ApplicationContext cache statistics: [DefaultContextCache@767722ca size = 1, maxSize = 32, parentContextCount = 0, hitCount = 7, missCount = 1]
22:52:00.999 [Test worker] DEBUG org.springframework.test.context.support.AbstractDirtiesContextTestExecutionListener - Before test method: context [DefaultTestContext@79a5183b testClass = XmlMovieReaderTest, testInstance = moviebuddy.data.XmlMovieReaderTest@40cb99b3, testMethod = Check_MovieReaderType@XmlMovieReaderTest, testException = [null], mergedContextConfiguration = [MergedContextConfiguration@3bc021ad testClass = XmlMovieReaderTest, locations = '{}', classes = '{class moviebuddy.MovieBuddyFactory}', contextInitializerClasses = '[]', activeProfiles = '{xml_mode}', propertySourceLocations = '{}', propertySourceProperties = '{movie.metadata=movie_metadata.xml}', contextCustomizers = set[[empty]], contextLoader = 'org.springframework.test.context.support.DelegatingSmartContextLoader', parent = [null]], attributes = map['org.springframework.test.context.event.ApplicationEventsTestExecutionListener.recordApplicationEvents' -> false]], class annotated with @DirtiesContext [false] with mode [null], method annotated with @DirtiesContext [false] with mode [null].
22:52:00.999 [Test worker] DEBUG org.springframework.test.context.cache.DefaultCacheAwareContextLoaderDelegate - Retrieved ApplicationContext [1511505831] from cache with key [[MergedContextConfiguration@3bc021ad testClass = XmlMovieReaderTest, locations = '{}', classes = '{class moviebuddy.MovieBuddyFactory}', contextInitializerClasses = '[]', activeProfiles = '{xml_mode}', propertySourceLocations = '{}', propertySourceProperties = '{movie.metadata=movie_metadata.xml}', contextCustomizers = set[[empty]], contextLoader = 'org.springframework.test.context.support.DelegatingSmartContextLoader', parent = [null]]]
22:52:01.000 [Test worker] DEBUG org.springframework.test.context.cache - Spring test ApplicationContext cache statistics: [DefaultContextCache@767722ca size = 1, maxSize = 32, parentContextCount = 0, hitCount = 8, missCount = 1]
22:52:01.000 [Test worker] DEBUG org.springframework.test.context.cache.DefaultCacheAwareContextLoaderDelegate - Retrieved ApplicationContext [1511505831] from cache with key [[MergedContextConfiguration@3bc021ad testClass = XmlMovieReaderTest, locations = '{}', classes = '{class moviebuddy.MovieBuddyFactory}', contextInitializerClasses = '[]', activeProfiles = '{xml_mode}', propertySourceLocations = '{}', propertySourceProperties = '{movie.metadata=movie_metadata.xml}', contextCustomizers = set[[empty]], contextLoader = 'org.springframework.test.context.support.DelegatingSmartContextLoader', parent = [null]]]
22:52:01.000 [Test worker] DEBUG org.springframework.test.context.cache - Spring test ApplicationContext cache statistics: [DefaultContextCache@767722ca size = 1, maxSize = 32, parentContextCount = 0, hitCount = 9, missCount = 1]
22:52:01.001 [Test worker] DEBUG org.springframework.test.context.cache.DefaultCacheAwareContextLoaderDelegate - Retrieved ApplicationContext [1511505831] from cache with key [[MergedContextConfiguration@3bc021ad testClass = XmlMovieReaderTest, locations = '{}', classes = '{class moviebuddy.MovieBuddyFactory}', contextInitializerClasses = '[]', activeProfiles = '{xml_mode}', propertySourceLocations = '{}', propertySourceProperties = '{movie.metadata=movie_metadata.xml}', contextCustomizers = set[[empty]], contextLoader = 'org.springframework.test.context.support.DelegatingSmartContextLoader', parent = [null]]]
22:52:01.001 [Test worker] DEBUG org.springframework.test.context.cache - Spring test ApplicationContext cache statistics: [DefaultContextCache@767722ca size = 1, maxSize = 32, parentContextCount = 0, hitCount = 10, missCount = 1]
22:52:01.002 [Test worker] DEBUG org.springframework.test.context.cache.DefaultCacheAwareContextLoaderDelegate - Retrieved ApplicationContext [1511505831] from cache with key [[MergedContextConfiguration@3bc021ad testClass = XmlMovieReaderTest, locations = '{}', classes = '{class moviebuddy.MovieBuddyFactory}', contextInitializerClasses = '[]', activeProfiles = '{xml_mode}', propertySourceLocations = '{}', propertySourceProperties = '{movie.metadata=movie_metadata.xml}', contextCustomizers = set[[empty]], contextLoader = 'org.springframework.test.context.support.DelegatingSmartContextLoader', parent = [null]]]
22:52:01.002 [Test worker] DEBUG org.springframework.test.context.cache - Spring test ApplicationContext cache statistics: [DefaultContextCache@767722ca size = 1, maxSize = 32, parentContextCount = 0, hitCount = 11, missCount = 1]
22:52:01.002 [Test worker] DEBUG org.springframework.test.context.support.AbstractDirtiesContextTestExecutionListener - After test method: context [DefaultTestContext@79a5183b testClass = XmlMovieReaderTest, testInstance = moviebuddy.data.XmlMovieReaderTest@40cb99b3, testMethod = Check_MovieReaderType@XmlMovieReaderTest, testException = [null], mergedContextConfiguration = [MergedContextConfiguration@3bc021ad testClass = XmlMovieReaderTest, locations = '{}', classes = '{class moviebuddy.MovieBuddyFactory}', contextInitializerClasses = '[]', activeProfiles = '{xml_mode}', propertySourceLocations = '{}', propertySourceProperties = '{movie.metadata=movie_metadata.xml}', contextCustomizers = set[[empty]], contextLoader = 'org.springframework.test.context.support.DelegatingSmartContextLoader', parent = [null]], attributes = map['org.springframework.test.context.event.ApplicationEventsTestExecutionListener.recordApplicationEvents' -> false]], class annotated with @DirtiesContext [false] with mode [null], method annotated with @DirtiesContext [false] with mode [null].
22:52:01.004 [Test worker] DEBUG org.springframework.test.context.cache.DefaultCacheAwareContextLoaderDelegate - Retrieved ApplicationContext [1511505831] from cache with key [[MergedContextConfiguration@3bc021ad testClass = XmlMovieReaderTest, locations = '{}', classes = '{class moviebuddy.MovieBuddyFactory}', contextInitializerClasses = '[]', activeProfiles = '{xml_mode}', propertySourceLocations = '{}', propertySourceProperties = '{movie.metadata=movie_metadata.xml}', contextCustomizers = set[[empty]], contextLoader = 'org.springframework.test.context.support.DelegatingSmartContextLoader', parent = [null]]]
22:52:01.005 [Test worker] DEBUG org.springframework.test.context.cache - Spring test ApplicationContext cache statistics: [DefaultContextCache@767722ca size = 1, maxSize = 32, parentContextCount = 0, hitCount = 12, missCount = 1]
22:52:01.005 [Test worker] DEBUG org.springframework.test.context.support.AbstractDirtiesContextTestExecutionListener - After test class: context [DefaultTestContext@79a5183b testClass = XmlMovieReaderTest, testInstance = [null], testMethod = [null], testException = [null], mergedContextConfiguration = [MergedContextConfiguration@3bc021ad testClass = XmlMovieReaderTest, locations = '{}', classes = '{class moviebuddy.MovieBuddyFactory}', contextInitializerClasses = '[]', activeProfiles = '{xml_mode}', propertySourceLocations = '{}', propertySourceProperties = '{movie.metadata=movie_metadata.xml}', contextCustomizers = set[[empty]], contextLoader = 'org.springframework.test.context.support.DelegatingSmartContextLoader', parent = [null]], attributes = map['org.springframework.test.context.event.ApplicationEventsTestExecutionListener.recordApplicationEvents' -> false]], class annotated with @DirtiesContext [false] with mode [null].
]]></system-out>
  <system-err><![CDATA[]]></system-err>
</testsuite>
