<?xml version="1.0" encoding="UTF-8"?>
<testsuite name="moviebuddy.domain.MovieFinderTest" tests="2" skipped="0" failures="0" errors="0" timestamp="2022-07-02T16:53:01" hostname="DESKTOP-BT326MF" time="1.47">
  <properties/>
  <testcase name="NotEmpty_ReleasedYearBy()" classname="moviebuddy.domain.MovieFinderTest" time="1.463"/>
  <testcase name="NotEmpty_directedBy()" classname="moviebuddy.domain.MovieFinderTest" time="0.005"/>
  <system-out><![CDATA[01:52:58.177 [Test worker] DEBUG org.springframework.test.context.BootstrapUtils - Instantiating CacheAwareContextLoaderDelegate from class [org.springframework.test.context.cache.DefaultCacheAwareContextLoaderDelegate]
01:52:58.188 [Test worker] DEBUG org.springframework.test.context.BootstrapUtils - Instantiating BootstrapContext using constructor [public org.springframework.test.context.support.DefaultBootstrapContext(java.lang.Class,org.springframework.test.context.CacheAwareContextLoaderDelegate)]
01:52:58.209 [Test worker] DEBUG org.springframework.test.context.BootstrapUtils - Instantiating TestContextBootstrapper for test class [moviebuddy.domain.MovieFinderTest] from class [org.springframework.test.context.support.DefaultTestContextBootstrapper]
01:52:58.226 [Test worker] DEBUG org.springframework.test.context.support.AbstractDelegatingSmartContextLoader - Delegating to AnnotationConfigContextLoader to process context configuration [ContextConfigurationAttributes@52fbb861 declaringClass = 'moviebuddy.domain.MovieFinderTest', classes = '{class moviebuddy.MovieBuddyFactory}', locations = '{}', inheritLocations = true, initializers = '{}', inheritInitializers = true, name = [null], contextLoaderClass = 'org.springframework.test.context.ContextLoader'].
01:52:58.246 [Test worker] DEBUG org.springframework.test.context.support.DefaultTestContextBootstrapper - @TestExecutionListeners is not present for class [moviebuddy.domain.MovieFinderTest]: using defaults.
01:52:58.246 [Test worker] INFO org.springframework.test.context.support.DefaultTestContextBootstrapper - Loaded default TestExecutionListener class names from location [META-INF/spring.factories]: [org.springframework.test.context.web.ServletTestExecutionListener, org.springframework.test.context.support.DirtiesContextBeforeModesTestExecutionListener, org.springframework.test.context.event.ApplicationEventsTestExecutionListener, org.springframework.test.context.support.DependencyInjectionTestExecutionListener, org.springframework.test.context.support.DirtiesContextTestExecutionListener, org.springframework.test.context.transaction.TransactionalTestExecutionListener, org.springframework.test.context.jdbc.SqlScriptsTestExecutionListener, org.springframework.test.context.event.EventPublishingTestExecutionListener]
01:52:58.250 [Test worker] DEBUG org.springframework.test.context.support.DefaultTestContextBootstrapper - Skipping candidate TestExecutionListener [org.springframework.test.context.web.ServletTestExecutionListener] due to a missing dependency. Specify custom listener classes or make the default listener classes and their required dependencies available. Offending class: [javax/servlet/ServletContext]
01:52:58.251 [Test worker] DEBUG org.springframework.test.context.support.DefaultTestContextBootstrapper - Skipping candidate TestExecutionListener [org.springframework.test.context.transaction.TransactionalTestExecutionListener] due to a missing dependency. Specify custom listener classes or make the default listener classes and their required dependencies available. Offending class: [org/springframework/transaction/interceptor/TransactionAttributeSource]
01:52:58.252 [Test worker] DEBUG org.springframework.test.context.support.DefaultTestContextBootstrapper - Skipping candidate TestExecutionListener [org.springframework.test.context.jdbc.SqlScriptsTestExecutionListener] due to a missing dependency. Specify custom listener classes or make the default listener classes and their required dependencies available. Offending class: [org/springframework/transaction/interceptor/TransactionAttribute]
01:52:58.252 [Test worker] INFO org.springframework.test.context.support.DefaultTestContextBootstrapper - Using TestExecutionListeners: [org.springframework.test.context.support.DirtiesContextBeforeModesTestExecutionListener@6f828daa, org.springframework.test.context.event.ApplicationEventsTestExecutionListener@43ef04af, org.springframework.test.context.support.DependencyInjectionTestExecutionListener@219be7ae, org.springframework.test.context.support.DirtiesContextTestExecutionListener@38040235, org.springframework.test.context.event.EventPublishingTestExecutionListener@43902742]
01:52:58.253 [Test worker] DEBUG org.springframework.test.context.support.AbstractDirtiesContextTestExecutionListener - Before test class: context [DefaultTestContext@634a2705 testClass = MovieFinderTest, testInstance = [null], testMethod = [null], testException = [null], mergedContextConfiguration = [MergedContextConfiguration@5d04238a testClass = MovieFinderTest, locations = '{}', classes = '{class moviebuddy.MovieBuddyFactory}', contextInitializerClasses = '[]', activeProfiles = '{csv_mode}', propertySourceLocations = '{}', propertySourceProperties = '{}', contextCustomizers = set[[empty]], contextLoader = 'org.springframework.test.context.support.DelegatingSmartContextLoader', parent = [null]], attributes = map[[empty]]], class annotated with @DirtiesContext [false] with mode [null].
01:52:58.258 [Test worker] DEBUG org.springframework.test.context.support.AbstractDelegatingSmartContextLoader - Delegating to AnnotationConfigContextLoader to load context from [MergedContextConfiguration@5d04238a testClass = MovieFinderTest, locations = '{}', classes = '{class moviebuddy.MovieBuddyFactory}', contextInitializerClasses = '[]', activeProfiles = '{csv_mode}', propertySourceLocations = '{}', propertySourceProperties = '{}', contextCustomizers = set[[empty]], contextLoader = 'org.springframework.test.context.support.DelegatingSmartContextLoader', parent = [null]].
01:52:58.258 [Test worker] DEBUG org.springframework.test.context.support.AbstractGenericContextLoader - Loading ApplicationContext for merged context configuration [[MergedContextConfiguration@5d04238a testClass = MovieFinderTest, locations = '{}', classes = '{class moviebuddy.MovieBuddyFactory}', contextInitializerClasses = '[]', activeProfiles = '{csv_mode}', propertySourceLocations = '{}', propertySourceProperties = '{}', contextCustomizers = set[[empty]], contextLoader = 'org.springframework.test.context.support.DelegatingSmartContextLoader', parent = [null]]].
01:52:58.291 [Test worker] DEBUG org.springframework.core.env.StandardEnvironment - Activating profiles [csv_mode]
01:52:58.291 [Test worker] DEBUG org.springframework.test.context.support.AnnotationConfigContextLoader - Registering component classes: {class moviebuddy.MovieBuddyFactory}
01:52:58.318 [Test worker] DEBUG org.springframework.context.support.GenericApplicationContext - Refreshing org.springframework.context.support.GenericApplicationContext@1497a10c
01:52:58.329 [Test worker] DEBUG org.springframework.beans.factory.support.DefaultListableBeanFactory - Creating shared instance of singleton bean 'org.springframework.context.annotation.internalConfigurationAnnotationProcessor'
01:52:58.388 [Test worker] DEBUG org.springframework.context.annotation.ClassPathBeanDefinitionScanner - Identified candidate component class: file [D:\chanseok_project\moviebuddy\build\classes\java\main\moviebuddy\MovieBuddyFactory$DataSourceModuleConfig.class]
01:52:58.389 [Test worker] DEBUG org.springframework.context.annotation.ClassPathBeanDefinitionScanner - Identified candidate component class: file [D:\chanseok_project\moviebuddy\build\classes\java\main\moviebuddy\MovieBuddyFactory$DomainModuleConfig.class]
01:52:58.399 [Test worker] DEBUG org.springframework.context.annotation.ClassPathBeanDefinitionScanner - Identified candidate component class: file [D:\chanseok_project\moviebuddy\build\classes\java\main\moviebuddy\data\CsvMovieReader.class]
01:52:58.403 [Test worker] DEBUG org.springframework.context.annotation.ClassPathBeanDefinitionScanner - Identified candidate component class: file [D:\chanseok_project\moviebuddy\build\classes\java\main\moviebuddy\domain\MovieFinder.class]
01:52:58.493 [Test worker] DEBUG org.springframework.beans.factory.support.DefaultListableBeanFactory - Creating shared instance of singleton bean 'org.springframework.context.event.internalEventListenerProcessor'
01:52:58.495 [Test worker] DEBUG org.springframework.beans.factory.support.DefaultListableBeanFactory - Creating shared instance of singleton bean 'org.springframework.context.event.internalEventListenerFactory'
01:52:58.496 [Test worker] DEBUG org.springframework.beans.factory.support.DefaultListableBeanFactory - Creating shared instance of singleton bean 'org.springframework.context.annotation.internalAutowiredAnnotationProcessor'
01:52:58.497 [Test worker] DEBUG org.springframework.beans.factory.support.DefaultListableBeanFactory - Creating shared instance of singleton bean 'org.springframework.context.annotation.internalCommonAnnotationProcessor'
01:52:58.503 [Test worker] DEBUG org.springframework.beans.factory.support.DefaultListableBeanFactory - Creating shared instance of singleton bean 'movieBuddyFactory'
01:52:58.506 [Test worker] DEBUG org.springframework.beans.factory.support.DefaultListableBeanFactory - Creating shared instance of singleton bean 'movieBuddyFactory.DataSourceModuleConfig'
01:52:58.506 [Test worker] DEBUG org.springframework.beans.factory.support.DefaultListableBeanFactory - Creating shared instance of singleton bean 'movieBuddyFactory.DomainModuleConfig'
01:52:58.507 [Test worker] DEBUG org.springframework.beans.factory.support.DefaultListableBeanFactory - Creating shared instance of singleton bean 'csvMovieReader'
01:52:58.537 [Test worker] DEBUG org.springframework.core.env.PropertySourcesPropertyResolver - Found key 'movie.metadata' in PropertySource 'class path resource [application.properties]' with value of type String
01:53:01.421 [Test worker] INFO moviebuddy.data.CsvMovieReader - URL [https://www.dropbox.com/s/bpazz8g4th21co7/movie_metadata.csv?dl=1] is ready
01:53:01.425 [Test worker] DEBUG org.springframework.beans.factory.support.DefaultListableBeanFactory - Creating shared instance of singleton bean 'movieFinder'
01:53:01.431 [Test worker] DEBUG org.springframework.beans.factory.support.DefaultListableBeanFactory - Creating shared instance of singleton bean 'cachingMovieReader'
01:53:01.432 [Test worker] DEBUG org.springframework.beans.factory.support.DefaultListableBeanFactory - Creating shared instance of singleton bean 'caffeineCacheManager'
01:53:01.446 [Test worker] DEBUG org.springframework.beans.factory.support.DefaultListableBeanFactory - Autowiring by type from bean name 'cachingMovieReader' via factory method to bean named 'caffeineCacheManager'
01:53:01.446 [Test worker] DEBUG org.springframework.beans.factory.support.DefaultListableBeanFactory - Autowiring by type from bean name 'cachingMovieReader' via factory method to bean named 'csvMovieReader'
01:53:01.450 [Test worker] DEBUG org.springframework.beans.factory.support.DefaultListableBeanFactory - Autowiring by type from bean name 'movieFinder' via constructor to bean named 'cachingMovieReader'
01:53:01.451 [Test worker] DEBUG org.springframework.beans.factory.support.DefaultListableBeanFactory - Creating shared instance of singleton bean 'jaxb2Marshaller'
01:53:01.457 [Test worker] DEBUG org.springframework.oxm.jaxb.Jaxb2Marshaller - Creating JAXBContext by scanning packages [moviebuddy]
01:53:01.470 [Test worker] DEBUG org.springframework.oxm.jaxb.Jaxb2Marshaller - Found JAXB2 classes: [class moviebuddy.data.XmlMovieReader$MovieMetadata]
01:53:01.576 [Test worker] DEBUG org.springframework.test.context.cache.DefaultCacheAwareContextLoaderDelegate - Storing ApplicationContext [345481484] in cache under key [[MergedContextConfiguration@5d04238a testClass = MovieFinderTest, locations = '{}', classes = '{class moviebuddy.MovieBuddyFactory}', contextInitializerClasses = '[]', activeProfiles = '{csv_mode}', propertySourceLocations = '{}', propertySourceProperties = '{}', contextCustomizers = set[[empty]], contextLoader = 'org.springframework.test.context.support.DelegatingSmartContextLoader', parent = [null]]]
01:53:01.576 [Test worker] DEBUG org.springframework.test.context.cache - Spring test ApplicationContext cache statistics: [DefaultContextCache@7f3c81a1 size = 1, maxSize = 32, parentContextCount = 0, hitCount = 0, missCount = 1]
01:53:01.582 [Test worker] DEBUG org.springframework.test.context.support.DependencyInjectionTestExecutionListener - Performing dependency injection for test context [[DefaultTestContext@634a2705 testClass = MovieFinderTest, testInstance = moviebuddy.domain.MovieFinderTest@4707c6b2, testMethod = [null], testException = [null], mergedContextConfiguration = [MergedContextConfiguration@5d04238a testClass = MovieFinderTest, locations = '{}', classes = '{class moviebuddy.MovieBuddyFactory}', contextInitializerClasses = '[]', activeProfiles = '{csv_mode}', propertySourceLocations = '{}', propertySourceProperties = '{}', contextCustomizers = set[[empty]], contextLoader = 'org.springframework.test.context.support.DelegatingSmartContextLoader', parent = [null]], attributes = map['org.springframework.test.context.event.ApplicationEventsTestExecutionListener.recordApplicationEvents' -> false]]].
01:53:01.583 [Test worker] DEBUG org.springframework.test.context.cache.DefaultCacheAwareContextLoaderDelegate - Retrieved ApplicationContext [345481484] from cache with key [[MergedContextConfiguration@5d04238a testClass = MovieFinderTest, locations = '{}', classes = '{class moviebuddy.MovieBuddyFactory}', contextInitializerClasses = '[]', activeProfiles = '{csv_mode}', propertySourceLocations = '{}', propertySourceProperties = '{}', contextCustomizers = set[[empty]], contextLoader = 'org.springframework.test.context.support.DelegatingSmartContextLoader', parent = [null]]]
01:53:01.583 [Test worker] DEBUG org.springframework.test.context.cache - Spring test ApplicationContext cache statistics: [DefaultContextCache@7f3c81a1 size = 1, maxSize = 32, parentContextCount = 0, hitCount = 1, missCount = 1]
01:53:01.583 [Test worker] DEBUG org.springframework.test.context.cache.DefaultCacheAwareContextLoaderDelegate - Retrieved ApplicationContext [345481484] from cache with key [[MergedContextConfiguration@5d04238a testClass = MovieFinderTest, locations = '{}', classes = '{class moviebuddy.MovieBuddyFactory}', contextInitializerClasses = '[]', activeProfiles = '{csv_mode}', propertySourceLocations = '{}', propertySourceProperties = '{}', contextCustomizers = set[[empty]], contextLoader = 'org.springframework.test.context.support.DelegatingSmartContextLoader', parent = [null]]]
01:53:01.584 [Test worker] DEBUG org.springframework.test.context.cache - Spring test ApplicationContext cache statistics: [DefaultContextCache@7f3c81a1 size = 1, maxSize = 32, parentContextCount = 0, hitCount = 2, missCount = 1]
01:53:01.586 [Test worker] DEBUG org.springframework.test.context.support.AbstractDirtiesContextTestExecutionListener - Before test method: context [DefaultTestContext@634a2705 testClass = MovieFinderTest, testInstance = moviebuddy.domain.MovieFinderTest@4707c6b2, testMethod = NotEmpty_ReleasedYearBy@MovieFinderTest, testException = [null], mergedContextConfiguration = [MergedContextConfiguration@5d04238a testClass = MovieFinderTest, locations = '{}', classes = '{class moviebuddy.MovieBuddyFactory}', contextInitializerClasses = '[]', activeProfiles = '{csv_mode}', propertySourceLocations = '{}', propertySourceProperties = '{}', contextCustomizers = set[[empty]], contextLoader = 'org.springframework.test.context.support.DelegatingSmartContextLoader', parent = [null]], attributes = map['org.springframework.test.context.event.ApplicationEventsTestExecutionListener.recordApplicationEvents' -> false]], class annotated with @DirtiesContext [false] with mode [null], method annotated with @DirtiesContext [false] with mode [null].
01:53:01.587 [Test worker] DEBUG org.springframework.test.context.cache.DefaultCacheAwareContextLoaderDelegate - Retrieved ApplicationContext [345481484] from cache with key [[MergedContextConfiguration@5d04238a testClass = MovieFinderTest, locations = '{}', classes = '{class moviebuddy.MovieBuddyFactory}', contextInitializerClasses = '[]', activeProfiles = '{csv_mode}', propertySourceLocations = '{}', propertySourceProperties = '{}', contextCustomizers = set[[empty]], contextLoader = 'org.springframework.test.context.support.DelegatingSmartContextLoader', parent = [null]]]
01:53:01.587 [Test worker] DEBUG org.springframework.test.context.cache - Spring test ApplicationContext cache statistics: [DefaultContextCache@7f3c81a1 size = 1, maxSize = 32, parentContextCount = 0, hitCount = 3, missCount = 1]
01:53:01.588 [Test worker] DEBUG org.springframework.test.context.cache.DefaultCacheAwareContextLoaderDelegate - Retrieved ApplicationContext [345481484] from cache with key [[MergedContextConfiguration@5d04238a testClass = MovieFinderTest, locations = '{}', classes = '{class moviebuddy.MovieBuddyFactory}', contextInitializerClasses = '[]', activeProfiles = '{csv_mode}', propertySourceLocations = '{}', propertySourceProperties = '{}', contextCustomizers = set[[empty]], contextLoader = 'org.springframework.test.context.support.DelegatingSmartContextLoader', parent = [null]]]
01:53:01.588 [Test worker] DEBUG org.springframework.test.context.cache - Spring test ApplicationContext cache statistics: [DefaultContextCache@7f3c81a1 size = 1, maxSize = 32, parentContextCount = 0, hitCount = 4, missCount = 1]
01:53:03.042 [Test worker] DEBUG org.springframework.test.context.cache.DefaultCacheAwareContextLoaderDelegate - Retrieved ApplicationContext [345481484] from cache with key [[MergedContextConfiguration@5d04238a testClass = MovieFinderTest, locations = '{}', classes = '{class moviebuddy.MovieBuddyFactory}', contextInitializerClasses = '[]', activeProfiles = '{csv_mode}', propertySourceLocations = '{}', propertySourceProperties = '{}', contextCustomizers = set[[empty]], contextLoader = 'org.springframework.test.context.support.DelegatingSmartContextLoader', parent = [null]]]
01:53:03.043 [Test worker] DEBUG org.springframework.test.context.cache - Spring test ApplicationContext cache statistics: [DefaultContextCache@7f3c81a1 size = 1, maxSize = 32, parentContextCount = 0, hitCount = 5, missCount = 1]
01:53:03.044 [Test worker] DEBUG org.springframework.test.context.cache.DefaultCacheAwareContextLoaderDelegate - Retrieved ApplicationContext [345481484] from cache with key [[MergedContextConfiguration@5d04238a testClass = MovieFinderTest, locations = '{}', classes = '{class moviebuddy.MovieBuddyFactory}', contextInitializerClasses = '[]', activeProfiles = '{csv_mode}', propertySourceLocations = '{}', propertySourceProperties = '{}', contextCustomizers = set[[empty]], contextLoader = 'org.springframework.test.context.support.DelegatingSmartContextLoader', parent = [null]]]
01:53:03.044 [Test worker] DEBUG org.springframework.test.context.cache - Spring test ApplicationContext cache statistics: [DefaultContextCache@7f3c81a1 size = 1, maxSize = 32, parentContextCount = 0, hitCount = 6, missCount = 1]
01:53:03.045 [Test worker] DEBUG org.springframework.test.context.support.AbstractDirtiesContextTestExecutionListener - After test method: context [DefaultTestContext@634a2705 testClass = MovieFinderTest, testInstance = moviebuddy.domain.MovieFinderTest@4707c6b2, testMethod = NotEmpty_ReleasedYearBy@MovieFinderTest, testException = [null], mergedContextConfiguration = [MergedContextConfiguration@5d04238a testClass = MovieFinderTest, locations = '{}', classes = '{class moviebuddy.MovieBuddyFactory}', contextInitializerClasses = '[]', activeProfiles = '{csv_mode}', propertySourceLocations = '{}', propertySourceProperties = '{}', contextCustomizers = set[[empty]], contextLoader = 'org.springframework.test.context.support.DelegatingSmartContextLoader', parent = [null]], attributes = map['org.springframework.test.context.event.ApplicationEventsTestExecutionListener.recordApplicationEvents' -> false]], class annotated with @DirtiesContext [false] with mode [null], method annotated with @DirtiesContext [false] with mode [null].
01:53:03.049 [Test worker] DEBUG org.springframework.test.context.cache.DefaultCacheAwareContextLoaderDelegate - Retrieved ApplicationContext [345481484] from cache with key [[MergedContextConfiguration@5d04238a testClass = MovieFinderTest, locations = '{}', classes = '{class moviebuddy.MovieBuddyFactory}', contextInitializerClasses = '[]', activeProfiles = '{csv_mode}', propertySourceLocations = '{}', propertySourceProperties = '{}', contextCustomizers = set[[empty]], contextLoader = 'org.springframework.test.context.support.DelegatingSmartContextLoader', parent = [null]]]
01:53:03.049 [Test worker] DEBUG org.springframework.test.context.cache - Spring test ApplicationContext cache statistics: [DefaultContextCache@7f3c81a1 size = 1, maxSize = 32, parentContextCount = 0, hitCount = 7, missCount = 1]
01:53:03.049 [Test worker] DEBUG org.springframework.test.context.support.DependencyInjectionTestExecutionListener - Performing dependency injection for test context [[DefaultTestContext@634a2705 testClass = MovieFinderTest, testInstance = moviebuddy.domain.MovieFinderTest@29e1b565, testMethod = [null], testException = [null], mergedContextConfiguration = [MergedContextConfiguration@5d04238a testClass = MovieFinderTest, locations = '{}', classes = '{class moviebuddy.MovieBuddyFactory}', contextInitializerClasses = '[]', activeProfiles = '{csv_mode}', propertySourceLocations = '{}', propertySourceProperties = '{}', contextCustomizers = set[[empty]], contextLoader = 'org.springframework.test.context.support.DelegatingSmartContextLoader', parent = [null]], attributes = map['org.springframework.test.context.event.ApplicationEventsTestExecutionListener.recordApplicationEvents' -> false]]].
01:53:03.050 [Test worker] DEBUG org.springframework.test.context.cache.DefaultCacheAwareContextLoaderDelegate - Retrieved ApplicationContext [345481484] from cache with key [[MergedContextConfiguration@5d04238a testClass = MovieFinderTest, locations = '{}', classes = '{class moviebuddy.MovieBuddyFactory}', contextInitializerClasses = '[]', activeProfiles = '{csv_mode}', propertySourceLocations = '{}', propertySourceProperties = '{}', contextCustomizers = set[[empty]], contextLoader = 'org.springframework.test.context.support.DelegatingSmartContextLoader', parent = [null]]]
01:53:03.050 [Test worker] DEBUG org.springframework.test.context.cache - Spring test ApplicationContext cache statistics: [DefaultContextCache@7f3c81a1 size = 1, maxSize = 32, parentContextCount = 0, hitCount = 8, missCount = 1]
01:53:03.050 [Test worker] DEBUG org.springframework.test.context.cache.DefaultCacheAwareContextLoaderDelegate - Retrieved ApplicationContext [345481484] from cache with key [[MergedContextConfiguration@5d04238a testClass = MovieFinderTest, locations = '{}', classes = '{class moviebuddy.MovieBuddyFactory}', contextInitializerClasses = '[]', activeProfiles = '{csv_mode}', propertySourceLocations = '{}', propertySourceProperties = '{}', contextCustomizers = set[[empty]], contextLoader = 'org.springframework.test.context.support.DelegatingSmartContextLoader', parent = [null]]]
01:53:03.050 [Test worker] DEBUG org.springframework.test.context.cache - Spring test ApplicationContext cache statistics: [DefaultContextCache@7f3c81a1 size = 1, maxSize = 32, parentContextCount = 0, hitCount = 9, missCount = 1]
01:53:03.051 [Test worker] DEBUG org.springframework.test.context.support.AbstractDirtiesContextTestExecutionListener - Before test method: context [DefaultTestContext@634a2705 testClass = MovieFinderTest, testInstance = moviebuddy.domain.MovieFinderTest@29e1b565, testMethod = NotEmpty_directedBy@MovieFinderTest, testException = [null], mergedContextConfiguration = [MergedContextConfiguration@5d04238a testClass = MovieFinderTest, locations = '{}', classes = '{class moviebuddy.MovieBuddyFactory}', contextInitializerClasses = '[]', activeProfiles = '{csv_mode}', propertySourceLocations = '{}', propertySourceProperties = '{}', contextCustomizers = set[[empty]], contextLoader = 'org.springframework.test.context.support.DelegatingSmartContextLoader', parent = [null]], attributes = map['org.springframework.test.context.event.ApplicationEventsTestExecutionListener.recordApplicationEvents' -> false]], class annotated with @DirtiesContext [false] with mode [null], method annotated with @DirtiesContext [false] with mode [null].
01:53:03.052 [Test worker] DEBUG org.springframework.test.context.cache.DefaultCacheAwareContextLoaderDelegate - Retrieved ApplicationContext [345481484] from cache with key [[MergedContextConfiguration@5d04238a testClass = MovieFinderTest, locations = '{}', classes = '{class moviebuddy.MovieBuddyFactory}', contextInitializerClasses = '[]', activeProfiles = '{csv_mode}', propertySourceLocations = '{}', propertySourceProperties = '{}', contextCustomizers = set[[empty]], contextLoader = 'org.springframework.test.context.support.DelegatingSmartContextLoader', parent = [null]]]
01:53:03.052 [Test worker] DEBUG org.springframework.test.context.cache - Spring test ApplicationContext cache statistics: [DefaultContextCache@7f3c81a1 size = 1, maxSize = 32, parentContextCount = 0, hitCount = 10, missCount = 1]
01:53:03.052 [Test worker] DEBUG org.springframework.test.context.cache.DefaultCacheAwareContextLoaderDelegate - Retrieved ApplicationContext [345481484] from cache with key [[MergedContextConfiguration@5d04238a testClass = MovieFinderTest, locations = '{}', classes = '{class moviebuddy.MovieBuddyFactory}', contextInitializerClasses = '[]', activeProfiles = '{csv_mode}', propertySourceLocations = '{}', propertySourceProperties = '{}', contextCustomizers = set[[empty]], contextLoader = 'org.springframework.test.context.support.DelegatingSmartContextLoader', parent = [null]]]
01:53:03.052 [Test worker] DEBUG org.springframework.test.context.cache - Spring test ApplicationContext cache statistics: [DefaultContextCache@7f3c81a1 size = 1, maxSize = 32, parentContextCount = 0, hitCount = 11, missCount = 1]
01:53:03.054 [Test worker] DEBUG org.springframework.test.context.cache.DefaultCacheAwareContextLoaderDelegate - Retrieved ApplicationContext [345481484] from cache with key [[MergedContextConfiguration@5d04238a testClass = MovieFinderTest, locations = '{}', classes = '{class moviebuddy.MovieBuddyFactory}', contextInitializerClasses = '[]', activeProfiles = '{csv_mode}', propertySourceLocations = '{}', propertySourceProperties = '{}', contextCustomizers = set[[empty]], contextLoader = 'org.springframework.test.context.support.DelegatingSmartContextLoader', parent = [null]]]
01:53:03.054 [Test worker] DEBUG org.springframework.test.context.cache - Spring test ApplicationContext cache statistics: [DefaultContextCache@7f3c81a1 size = 1, maxSize = 32, parentContextCount = 0, hitCount = 12, missCount = 1]
01:53:03.055 [Test worker] DEBUG org.springframework.test.context.cache.DefaultCacheAwareContextLoaderDelegate - Retrieved ApplicationContext [345481484] from cache with key [[MergedContextConfiguration@5d04238a testClass = MovieFinderTest, locations = '{}', classes = '{class moviebuddy.MovieBuddyFactory}', contextInitializerClasses = '[]', activeProfiles = '{csv_mode}', propertySourceLocations = '{}', propertySourceProperties = '{}', contextCustomizers = set[[empty]], contextLoader = 'org.springframework.test.context.support.DelegatingSmartContextLoader', parent = [null]]]
01:53:03.055 [Test worker] DEBUG org.springframework.test.context.cache - Spring test ApplicationContext cache statistics: [DefaultContextCache@7f3c81a1 size = 1, maxSize = 32, parentContextCount = 0, hitCount = 13, missCount = 1]
01:53:03.055 [Test worker] DEBUG org.springframework.test.context.support.AbstractDirtiesContextTestExecutionListener - After test method: context [DefaultTestContext@634a2705 testClass = MovieFinderTest, testInstance = moviebuddy.domain.MovieFinderTest@29e1b565, testMethod = NotEmpty_directedBy@MovieFinderTest, testException = [null], mergedContextConfiguration = [MergedContextConfiguration@5d04238a testClass = MovieFinderTest, locations = '{}', classes = '{class moviebuddy.MovieBuddyFactory}', contextInitializerClasses = '[]', activeProfiles = '{csv_mode}', propertySourceLocations = '{}', propertySourceProperties = '{}', contextCustomizers = set[[empty]], contextLoader = 'org.springframework.test.context.support.DelegatingSmartContextLoader', parent = [null]], attributes = map['org.springframework.test.context.event.ApplicationEventsTestExecutionListener.recordApplicationEvents' -> false]], class annotated with @DirtiesContext [false] with mode [null], method annotated with @DirtiesContext [false] with mode [null].
01:53:03.057 [Test worker] DEBUG org.springframework.test.context.cache.DefaultCacheAwareContextLoaderDelegate - Retrieved ApplicationContext [345481484] from cache with key [[MergedContextConfiguration@5d04238a testClass = MovieFinderTest, locations = '{}', classes = '{class moviebuddy.MovieBuddyFactory}', contextInitializerClasses = '[]', activeProfiles = '{csv_mode}', propertySourceLocations = '{}', propertySourceProperties = '{}', contextCustomizers = set[[empty]], contextLoader = 'org.springframework.test.context.support.DelegatingSmartContextLoader', parent = [null]]]
01:53:03.057 [Test worker] DEBUG org.springframework.test.context.cache - Spring test ApplicationContext cache statistics: [DefaultContextCache@7f3c81a1 size = 1, maxSize = 32, parentContextCount = 0, hitCount = 14, missCount = 1]
01:53:03.057 [Test worker] DEBUG org.springframework.test.context.support.AbstractDirtiesContextTestExecutionListener - After test class: context [DefaultTestContext@634a2705 testClass = MovieFinderTest, testInstance = [null], testMethod = [null], testException = [null], mergedContextConfiguration = [MergedContextConfiguration@5d04238a testClass = MovieFinderTest, locations = '{}', classes = '{class moviebuddy.MovieBuddyFactory}', contextInitializerClasses = '[]', activeProfiles = '{csv_mode}', propertySourceLocations = '{}', propertySourceProperties = '{}', contextCustomizers = set[[empty]], contextLoader = 'org.springframework.test.context.support.DelegatingSmartContextLoader', parent = [null]], attributes = map['org.springframework.test.context.event.ApplicationEventsTestExecutionListener.recordApplicationEvents' -> false]], class annotated with @DirtiesContext [false] with mode [null].
]]></system-out>
  <system-err><![CDATA[]]></system-err>
</testsuite>
